Performing C SOURCE FILE Test CMAKE_HAVE_LIBC_PTHREAD failed with the following output:
Change Dir: /home/csmajs/smaht003/lab-06---github-actions-scarycoders-l6-oalku001-smaht003/CMakeFiles/CMakeTmp

Run Build Command(s):/opt/rh/devtoolset-6/root/usr/bin/gmake cmTC_00aa0/fast && /opt/rh/devtoolset-6/root/usr/bin/gmake  -f CMakeFiles/cmTC_00aa0.dir/build.make CMakeFiles/cmTC_00aa0.dir/build
gmake[1]: Entering directory '/home/csmajs/smaht003/lab-06---github-actions-scarycoders-l6-oalku001-smaht003/CMakeFiles/CMakeTmp'
Building C object CMakeFiles/cmTC_00aa0.dir/src.c.o
/opt/rh/devtoolset-6/root/usr/bin/cc   -DCMAKE_HAVE_LIBC_PTHREAD   -o CMakeFiles/cmTC_00aa0.dir/src.c.o   -c /home/csmajs/smaht003/lab-06---github-actions-scarycoders-l6-oalku001-smaht003/CMakeFiles/CMakeTmp/src.c
Linking C executable cmTC_00aa0
/usr/bin/cmake3 -E cmake_link_script CMakeFiles/cmTC_00aa0.dir/link.txt --verbose=1
/opt/rh/devtoolset-6/root/usr/bin/cc  -DCMAKE_HAVE_LIBC_PTHREAD    -rdynamic CMakeFiles/cmTC_00aa0.dir/src.c.o  -o cmTC_00aa0 
CMakeFiles/cmTC_00aa0.dir/src.c.o: In function `main':
src.c:(.text+0x2d): undefined reference to `pthread_create'
src.c:(.text+0x39): undefined reference to `pthread_detach'
src.c:(.text+0x45): undefined reference to `pthread_cancel'
src.c:(.text+0x56): undefined reference to `pthread_join'
src.c:(.text+0x6a): undefined reference to `pthread_atfork'
collect2: error: ld returned 1 exit status
CMakeFiles/cmTC_00aa0.dir/build.make:106: recipe for target 'cmTC_00aa0' failed
gmake[1]: *** [cmTC_00aa0] Error 1
gmake[1]: Leaving directory '/home/csmajs/smaht003/lab-06---github-actions-scarycoders-l6-oalku001-smaht003/CMakeFiles/CMakeTmp'
Makefile:141: recipe for target 'cmTC_00aa0/fast' failed
gmake: *** [cmTC_00aa0/fast] Error 2


Source file was:
#include <pthread.h>

void* test_func(void* data)
{
  return data;
}

int main(void)
{
  pthread_t thread;
  pthread_create(&thread, NULL, test_func, NULL);
  pthread_detach(thread);
  pthread_cancel(thread);
  pthread_join(thread, NULL);
  pthread_atfork(NULL, NULL, NULL);
  pthread_exit(NULL);

  return 0;
}

Determining if the function pthread_create exists in the pthreads failed with the following output:
Change Dir: /home/csmajs/smaht003/lab-06---github-actions-scarycoders-l6-oalku001-smaht003/CMakeFiles/CMakeTmp

Run Build Command(s):/opt/rh/devtoolset-6/root/usr/bin/gmake cmTC_8ac68/fast && /opt/rh/devtoolset-6/root/usr/bin/gmake  -f CMakeFiles/cmTC_8ac68.dir/build.make CMakeFiles/cmTC_8ac68.dir/build
gmake[1]: Entering directory '/home/csmajs/smaht003/lab-06---github-actions-scarycoders-l6-oalku001-smaht003/CMakeFiles/CMakeTmp'
Building C object CMakeFiles/cmTC_8ac68.dir/CheckFunctionExists.c.o
/opt/rh/devtoolset-6/root/usr/bin/cc   -DCHECK_FUNCTION_EXISTS=pthread_create   -o CMakeFiles/cmTC_8ac68.dir/CheckFunctionExists.c.o   -c /usr/share/cmake3/Modules/CheckFunctionExists.c
Linking C executable cmTC_8ac68
/usr/bin/cmake3 -E cmake_link_script CMakeFiles/cmTC_8ac68.dir/link.txt --verbose=1
/opt/rh/devtoolset-6/root/usr/bin/cc  -DCHECK_FUNCTION_EXISTS=pthread_create    -rdynamic CMakeFiles/cmTC_8ac68.dir/CheckFunctionExists.c.o  -o cmTC_8ac68  -lpthreads 
/opt/rh/devtoolset-6/root/usr/libexec/gcc/x86_64-redhat-linux/6.3.1/ld: cannot find -lpthreads
collect2: error: ld returned 1 exit status
CMakeFiles/cmTC_8ac68.dir/build.make:106: recipe for target 'cmTC_8ac68' failed
gmake[1]: *** [cmTC_8ac68] Error 1
gmake[1]: Leaving directory '/home/csmajs/smaht003/lab-06---github-actions-scarycoders-l6-oalku001-smaht003/CMakeFiles/CMakeTmp'
Makefile:141: recipe for target 'cmTC_8ac68/fast' failed
gmake: *** [cmTC_8ac68/fast] Error 2



